 [00728](37a4) 11:14:55.734(10/13/06):  Saving all the rows from the control
 [00319](2c40) 11:31:17.656(10/13/06):  OnUservarAddEdit() 
 [00087](2c40) 11:34:33.921(10/13/06):  Setting vaiable SYSTEMTYPE on OnOk
 [00728](2c40) 11:34:33.921(10/13/06):  Saving all the rows from the control
 [00728](2c40) 11:34:33.921(10/13/06):  Saving all the rows from the control
 [00728](0f98) 11:17:00.875(10/17/06):  Saving all the rows from the control
 [00728](0f98) 11:17:00.875(10/17/06):  Saving all the rows from the control
 [00319](40f4) 09:50:08.500(11/08/06):  OnUservarAddEdit() 
 [00319](40f4) 09:50:14.500(11/08/06):  OnUservarAddEdit() 
 [00728](40f4) 09:50:47.250(11/08/06):  Saving all the rows from the control
 [00319](0a14) 09:20:30.281(12/05/06):  OnUservarAddEdit() 
 [00728](0a14) 09:20:32.125(12/05/06):  Saving all the rows from the control
 [00728](0a14) 09:20:32.125(12/05/06):  Saving all the rows from the control
 [00728](25ac) 10:32:05.906(05/02/07):  Saving all the rows from the control
 [00728](339c) 22:49:10.781(09/11/07):  Saving all the rows from the control
 [00728](339c) 22:49:10.796(09/11/07):  Saving all the rows from the control
 [00319](20ac) 12:11:50.453(10/30/07):  OnUservarAddEdit() 
 [00728](20ac) 12:11:53.218(10/30/07):  Saving all the rows from the control
 [00728](20ac) 12:33:25.765(10/30/07):  Saving all the rows from the control
 [00319](1290) 13:36:15.390(01/23/08):  OnUservarAddEdit() 
 [00319](1290) 13:43:09.625(01/23/08):  OnUservarAddEdit() 
 [00728](1290) 13:43:38.812(01/23/08):  Saving all the rows from the control
 [00728](1290) 13:43:38.812(01/23/08):  Saving all the rows from the control
 [00319](1290) 13:45:40.328(01/23/08):  OnUservarAddEdit() 
 [00319](1290) 13:45:50.375(01/23/08):  OnUservarAddEdit() 
 [00319](1290) 13:46:37.000(01/23/08):  OnUservarAddEdit() 
 [00332](1290) 13:46:50.250(01/23/08):  OnUservarRemove() 
 [00087](1290) 13:47:06.562(01/23/08):  Setting vaiable 30,00 on OnOk
 [00728](1290) 13:47:06.562(01/23/08):  Saving all the rows from the control
 [00728](1290) 15:07:28.093(01/23/08):  Saving all the rows from the control
 [00728](1290) 15:11:12.046(01/23/08):  Saving all the rows from the control
 [00728](0d30) 22:57:55.750(03/08/08):  Saving all the rows from the control
 [00728](0d30) 22:57:55.750(03/08/08):  Saving all the rows from the control
 [00728](0d30) 23:05:01.953(03/08/08):  Saving all the rows from the control
 [00728](0d30) 23:05:01.953(03/08/08):  Saving all the rows from the control
 [00728](1704) 12:49:24.593(03/27/08):  Saving all the rows from the control
 [00728](1704) 12:49:24.593(03/27/08):  Saving all the rows from the control
 [00728](0780) 15:49:42.875(06/11/08):  Saving all the rows from the control
 [00728](0780) 15:49:42.890(06/11/08):  Saving all the rows from the control
 [00728](4090) 15:57:48.453(10/27/08):  Saving all the rows from the control
 [00728](4090) 15:57:48.453(10/27/08):  Saving all the rows from the control
 [00728](4090) 15:58:02.125(10/27/08):  Saving all the rows from the control
 [00728](0b9c) 16:01:30.671(10/27/08):  Saving all the rows from the control
 [00728](0b9c) 16:01:30.671(10/27/08):  Saving all the rows from the control
 [00728](3a98) 09:57:20.359(10/29/08):  Saving all the rows from the control
 [00728](3a98) 09:57:20.359(10/29/08):  Saving all the rows from the control
 [00728](3a98) 09:59:12.187(10/29/08):  Saving all the rows from the control
 [00728](3a98) 09:59:12.187(10/29/08):  Saving all the rows from the control
 [00728](2464) 12:13:33.390(06/23/10):  Saving all the rows from the control
 [00728](2464) 12:13:33.406(06/23/10):  Saving all the rows from the control
 [00728](3168) 21:14:14.156(07/13/10):  Saving all the rows from the control
 [00728](3168) 21:14:14.156(07/13/10):  Saving all the rows from the control
 [00728](160c) 18:00:59.156(08/24/10):  Saving all the rows from the control
 [00728](160c) 18:00:59.171(08/24/10):  Saving all the rows from the control
 [00728](2a70) 12:46:11.906(10/13/10):  Saving all the rows from the control
 [00728](2a70) 12:46:11.921(10/13/10):  Saving all the rows from the control
 [00728](1b7c) 12:03:22.687(10/25/10):  Saving all the rows from the control
 [00728](1b7c) 12:03:22.687(10/25/10):  Saving all the rows from the control
 [00728](0e4c) 11:24:22.765(03/14/11):  Saving all the rows from the control
 [00728](0e4c) 11:24:22.781(03/14/11):  Saving all the rows from the control
